#
# Max size 1024x1024
#
#
# Original splashes, in Master.dat
#
splash0.rix    # Please stand by
splash1.rix    # In city, with dog
splash2.rix    # The person in BoS helmet
splash3.rix    # The person in a view of car lights
splash4.rix    # Poseidon oil
splash5.rix    # Monitoring
splash6.rix    # Gangster VaultBoy
#
# New splashes
#
loading1.png
loading2.jpg
loading3.jpg
loading4.jpg
loading5.jpg
loading6.png
loading7.png
#
# old
#
# assist.png
# art95.jpg
# heads.png
# vault.jpg
# prisoner.jpg
# deathclaw.rix
# vault_door.jpg
# other0.jpg